<?xml version="1.0" encoding="UTF-8"?>
<!-- Generated by org.testng.reporters.JUnitReportReporter -->
<testsuite hostname="Meghas-MacBook-Air.local" failures="0" tests="2" name="testNGPractice.TestNGDemo" time="0.019" errors="0" timestamp="17 Dec 2018 16:14:43 GMT" skipped="0">
  <testcase classname="testNGPractice.TestNGDemo" name="loginApplication" time="0.017"/>
  <testcase classname="testNGPractice.TestNGDemo" name="checkApplication" time="0.002"/>
</testsuite> <!-- testNGPractice.TestNGDemo -->
