<?xml version="1.0" encoding="UTF-8"?>
<!-- Generated by org.testng.reporters.JUnitReportReporter -->
<testsuite hostname="Meghas-MacBook-Air.local" failures="0" tests="3" name="assignment4.EdurekaTestNg" time="20.516" errors="0" timestamp="18 Dec 2018 06:30:04 GMT" skipped="0">
  <testcase classname="assignment4.EdurekaTestNg" name="loginEdureka" time="7.814"/>
  <testcase classname="assignment4.EdurekaTestNg" name="searchCourse" time="4.890"/>
  <testcase classname="assignment4.EdurekaTestNg" name="logoutCourse" time="7.812"/>
</testsuite> <!-- assignment4.EdurekaTestNg -->
