<?xml version="1.0" encoding="UTF-8"?>
<!-- Generated by org.testng.reporters.JUnitReportReporter -->
<testsuite hostname="Meghas-MacBook-Air.local" failures="0" tests="3" name="assignment7.EdurekaAssignment7" time="13.577" errors="0" timestamp="19 Dec 2018 15:37:28 GMT" skipped="0">
  <testcase classname="assignment7.EdurekaAssignment7" name="searchFlipkart" time="4.140"/>
  <testcase classname="assignment7.EdurekaAssignment7" name="enterPincode" time="4.944"/>
  <testcase classname="assignment7.EdurekaAssignment7" name="placeOrder" time="4.493"/>
</testsuite> <!-- assignment7.EdurekaAssignment7 -->
